[0.067s] Invoking command in '/root/ocs2_ros2/ros_ws/src/ur5_ros2/build/ur5_description': /usr/bin/cmake --build /root/ocs2_ros2/ros_ws/src/ur5_ros2/build/ur5_description -- -j36 -l36
[0.154s] -- Found ament_cmake: 1.3.11 (/opt/ros/humble/share/ament_cmake/cmake)
[0.350s] -- Found std_msgs: 4.8.0 (/opt/ros/humble/share/std_msgs/cmake)
[0.385s] -- Found rosidl_generator_c: 3.1.6 (/opt/ros/humble/share/rosidl_generator_c/cmake)
[0.387s] -- Found rosidl_adapter: 3.1.6 (/opt/ros/humble/share/rosidl_adapter/cmake)
[0.392s] -- Found rosidl_generator_cpp: 3.1.6 (/opt/ros/humble/share/rosidl_generator_cpp/cmake)
[0.404s] -- Using all available rosidl_typesupport_c: rosidl_typesupport_fastrtps_c;rosidl_typesupport_introspection_c
[0.420s] -- Using all available rosidl_typesupport_cpp: rosidl_typesupport_fastrtps_cpp;rosidl_typesupport_introspection_cpp
[0.445s] -- Found rclpy: 3.3.16 (/opt/ros/humble/share/rclpy/cmake)
[0.542s] Error parsing '/root/ocs2_ros2/ros_ws/src/ur5_ros2/ur5_arm/ur5_description/package.xml':
[0.542s] Traceback (most recent call last):
[0.542s]   File "/opt/ros/humble/share/ament_cmake_core/cmake/core/package_xml_2_cmake.py", line 150, in <module>
[0.543s]     main()
[0.543s]   File "/opt/ros/humble/share/ament_cmake_core/cmake/core/package_xml_2_cmake.py", line 53, in main
[0.543s]     raise e
[0.543s]   File "/opt/ros/humble/share/ament_cmake_core/cmake/core/package_xml_2_cmake.py", line 49, in main
[0.543s]     package = parse_package_string(
[0.543s]   File "/usr/lib/python3/dist-packages/catkin_pkg/package.py", line 786, in parse_package_string
[0.544s]     raise InvalidPackage('Error(s):%s' % (''.join(['\n- %s' % e for e in errors])), filename)
[0.544s] catkin_pkg.package.InvalidPackage: Error(s) in package '/root/ocs2_ros2/ros_ws/src/ur5_ros2/ur5_arm/ur5_description/package.xml':
[0.544s] Error(s):
[0.544s] - The generic dependency on 'controller_manager' is redundant with: exec_depend
[0.552s] [31mCMake Error at /opt/ros/humble/share/ament_cmake_core/cmake/core/ament_package_xml.cmake:95 (message):
[0.552s]   execute_process(/usr/bin/python3
[0.553s]   /opt/ros/humble/share/ament_cmake_core/cmake/core/package_xml_2_cmake.py
[0.553s]   /root/ocs2_ros2/ros_ws/src/ur5_ros2/ur5_arm/ur5_description/package.xml
[0.553s]   /root/ocs2_ros2/ros_ws/src/ur5_ros2/build/ur5_description/ament_cmake_core/package.cmake)
[0.553s]   returned error code 1
[0.553s] Call Stack (most recent call first):
[0.553s]   /opt/ros/humble/share/ament_cmake_core/cmake/core/ament_package_xml.cmake:49 (_ament_package_xml)
[0.553s]   /opt/ros/humble/share/ament_cmake_core/cmake/core/ament_package.cmake:63 (ament_package_xml)
[0.554s]   CMakeLists.txt:23 (ament_package)
[0.554s] 
[0.554s] [0m
[0.554s] -- Configuring incomplete, errors occurred!
[0.554s] See also "/root/ocs2_ros2/ros_ws/src/ur5_ros2/build/ur5_description/CMakeFiles/CMakeOutput.log".
[0.564s] gmake: *** [Makefile:226: cmake_check_build_system] Error 1
