[35m[1mConsolidate compiler generated dependencies of target ur5_interface[0m
[ 11%] [32mBuilding CXX object CMakeFiles/ur5_interface.dir/src/factory_functions.cpp.o[0m
[01m[K/root/ocs2_ros2/ros_ws/src/ur5_ros2/ur5_interface/src/factory_functions.cpp:[m[K In function ‚Äò[01m[Kocs2::PinocchioInterface ur5_interface::createPinocchioInterface(const string&, const std::vector<std::__cxx11::basic_string<char> >&)[m[K‚Äô:
[01m[K/root/ocs2_ros2/ros_ws/src/ur5_ros2/ur5_interface/src/factory_functions.cpp:26:20:[m[K [01;31m[Kerror: [m[K‚Äò[01m[Kxacro[m[K‚Äô has not been declared
   26 |     urdf_content = [01;31m[Kxacro[m[K::process_string(xacro_content);  // Ê†∏ÂøÉÈ¢ÑÂ§ÑÁêÜÂáΩÊï∞
      |                    [01;31m[K^~~~~[m[K
compilation terminated due to -Wfatal-errors.
gmake[2]: *** [CMakeFiles/ur5_interface.dir/build.make:174: CMakeFiles/ur5_interface.dir/src/factory_functions.cpp.o] Error 1
gmake[1]: *** [CMakeFiles/Makefile2:137: CMakeFiles/ur5_interface.dir/all] Error 2
gmake: *** [Makefile:146: all] Error 2
