In file included from [01m[K/home/wyd/arm_ws/src/ur5_ros2/ur5_controller/src/ur5_controller.cpp:1[m[K:
[01m[K/home/wyd/arm_ws/src/ur5_ros2/ur5_controller/include/ur5_controller/ur5_controller.hpp:30:10:[m[K [01;31m[Kfatal error: [m[Klocalization_msgs/msg/pose_vel_acc_ang.hpp: æ²¡æœ‰é‚£ä¸ªæ–‡ä»¶æˆ–ç›®å½•
   30 | #include [01;31m[K"localization_msgs/msg/pose_vel_acc_ang.hpp"[m[K
      |          [01;31m[K^~~~~~~~~~~~~~~~~~~~~~~~~~~~~~~~~~~~~~~~~~~~[m[K
compilation terminated.
gmake[2]: *** [CMakeFiles/ur5_controller.dir/build.make:76ï¼šCMakeFiles/ur5_controller.dir/src/ur5_controller.cpp.o] é”™è¯¯ 1
gmake[1]: *** [CMakeFiles/Makefile2:165ï¼šCMakeFiles/ur5_controller.dir/all] é”™è¯¯ 2
gmake: *** [Makefile:146ï¼šall] é”™è¯¯ 2
