-- Found ament_cmake: 1.3.11 (/opt/ros/humble/share/ament_cmake/cmake)
-- Found generate_parameter_library: 0.4.0 (/opt/ros/humble/share/generate_parameter_library/cmake)
-- Found parameter_traits: 0.4.0 (/opt/ros/humble/share/parameter_traits/cmake)
-- Found rosidl_generator_c: 3.1.6 (/opt/ros/humble/share/rosidl_generator_c/cmake)
-- Found rosidl_adapter: 3.1.6 (/opt/ros/humble/share/rosidl_adapter/cmake)
-- Found rosidl_generator_cpp: 3.1.6 (/opt/ros/humble/share/rosidl_generator_cpp/cmake)
-- Using all available rosidl_typesupport_c: rosidl_typesupport_fastrtps_c;rosidl_typesupport_introspection_c
-- Using all available rosidl_typesupport_cpp: rosidl_typesupport_fastrtps_cpp;rosidl_typesupport_introspection_cpp
-- Found rmw_implementation_cmake: 6.1.2 (/opt/ros/humble/share/rmw_implementation_cmake/cmake)
-- Found rmw_fastrtps_cpp: 6.2.7 (/opt/ros/humble/share/rmw_fastrtps_cpp/cmake)
-- Using RMW implementation 'rmw_fastrtps_cpp' as default
-- Found rclcpp_lifecycle: 16.0.12 (/opt/ros/humble/share/rclcpp_lifecycle/cmake)
-- Found ur5_interface: 0.0.0 (/home/wyd/arm_ws/install/ur5_interface/share/ur5_interface/cmake)
-- hpp-fcl FOUND. hpp-fcl at /home/wyd/OCS2_ROS2/install/hpp-fcl/lib/libhpp-fcl.so
-- Default C++ standard: 201703
-- C++ standard sufficient: Minimal required 11, currently defined: 17
-- pinocchio FOUND. pinocchio at /home/wyd/OCS2_ROS2/install/pinocchio/lib/libpinocchio.so
-- boost_filesystem FOUND. boost_filesystem at /usr/lib/x86_64-linux-gnu/libboost_filesystem.so
-- boost_serialization FOUND. boost_serialization at /usr/lib/x86_64-linux-gnu/libboost_serialization.so
-- boost_system FOUND. boost_system at /usr/lib/x86_64-linux-gnu/libboost_system.so
-- C++ standard sufficient: Minimal required 11, currently defined: 17
-- Found control_msgs: 4.8.0 (/opt/ros/humble/share/control_msgs/cmake)
-- Found controller_interface: 2.50.0 (/opt/ros/humble/share/controller_interface/cmake)
-- Found std_srvs: 4.8.0 (/opt/ros/humble/share/std_srvs/cmake)
-- Found ocs2_self_collision_visualization: 0.0.0 (/home/wyd/OCS2_ROS2/install/ocs2_self_collision_visualization/share/ocs2_self_collision_visualization/cmake)
-- Found ocs2_mobile_manipulator: 0.0.0 (/home/wyd/OCS2_ROS2/install/ocs2_mobile_manipulator/share/ocs2_mobile_manipulator/cmake)
-- Found Boost: /usr/include (found version "1.74.0")  
-- Configuring done
-- Generating done
-- Build files have been written to: /home/wyd/arm_ws/build/ur5_controller
[ 25%] [34m[1mRunning `/opt/ros/humble/bin/generate_parameter_library_cpp /home/wyd/arm_ws/build/ur5_controller/include/ur5_controller/ur5_controller_parameters.hpp /home/wyd/arm_ws/src/ur5_ros2/ur5_controller/src/ur5_controller.yaml validate_ur5_controller_parameters.hpp`[0m
[ 50%] [34m[1mCreating deprecated header file /home/wyd/arm_ws/build/ur5_controller/include/ur5_controller_parameters.hpp[0m
[ 50%] Built target ur5_controller_parameters
[ 75%] [32mBuilding CXX object CMakeFiles/ur5_controller.dir/src/ur5_controller.cpp.o[0m
In file included from [01m[K/home/wyd/arm_ws/src/ur5_ros2/ur5_controller/src/ur5_controller.cpp:1[m[K:
[01m[K/home/wyd/arm_ws/src/ur5_ros2/ur5_controller/include/ur5_controller/ur5_controller.hpp:30:10:[m[K [01;31m[Kfatal error: [m[Klocalization_msgs/msg/pose_vel_acc_ang.hpp: æ²¡æœ‰é‚£ä¸ªæ–‡ä»¶æˆ–ç›®å½•
   30 | #include [01;31m[K"localization_msgs/msg/pose_vel_acc_ang.hpp"[m[K
      |          [01;31m[K^~~~~~~~~~~~~~~~~~~~~~~~~~~~~~~~~~~~~~~~~~~~[m[K
compilation terminated.
gmake[2]: *** [CMakeFiles/ur5_controller.dir/build.make:76ï¼šCMakeFiles/ur5_controller.dir/src/ur5_controller.cpp.o] é”™è¯¯ 1
gmake[1]: *** [CMakeFiles/Makefile2:165ï¼šCMakeFiles/ur5_controller.dir/all] é”™è¯¯ 2
gmake: *** [Makefile:146ï¼šall] é”™è¯¯ 2
